{"/Users/Leo/Documents/LeaveRequest/src/lib/date.ts": {"path":"/Users/Leo/Documents/LeaveRequest/src/lib/date.ts","statementMap":{"0":{"start":{"line":1,"column":22},"end":{"line":1,"column":null}},"1":{"start":{"line":4,"column":2},"end":{"line":4,"column":null}},"2":{"start":{"line":8,"column":2},"end":{"line":10,"column":null}},"3":{"start":{"line":9,"column":4},"end":{"line":9,"column":null}},"4":{"start":{"line":12,"column":16},"end":{"line":12,"column":null}},"5":{"start":{"line":13,"column":14},"end":{"line":13,"column":null}},"6":{"start":{"line":15,"column":2},"end":{"line":17,"column":null}},"7":{"start":{"line":16,"column":4},"end":{"line":16,"column":null}},"8":{"start":{"line":19,"column":8},"end":{"line":19,"column":null}},"9":{"start":{"line":20,"column":2},"end":{"line":20,"column":null}},"10":{"start":{"line":24,"column":12},"end":{"line":24,"column":null}},"11":{"start":{"line":25,"column":15},"end":{"line":25,"column":null}},"12":{"start":{"line":26,"column":16},"end":{"line":26,"column":null}},"13":{"start":{"line":27,"column":14},"end":{"line":27,"column":null}},"14":{"start":{"line":28,"column":16},"end":{"line":28,"column":null}},"15":{"start":{"line":29,"column":18},"end":{"line":29,"column":null}},"16":{"start":{"line":31,"column":2},"end":{"line":31,"column":null}},"17":{"start":{"line":35,"column":2},"end":{"line":35,"column":null}}},"fnMap":{"0":{"name":"floorTwoDecimals","decl":{"start":{"line":3,"column":16},"end":{"line":3,"column":33}},"loc":{"start":{"line":3,"column":56},"end":{"line":5,"column":null}},"line":3},"1":{"name":"calculateDurationDays","decl":{"start":{"line":7,"column":16},"end":{"line":7,"column":38}},"loc":{"start":{"line":7,"column":80},"end":{"line":21,"column":null}},"line":7},"2":{"name":"toInputDateTime","decl":{"start":{"line":23,"column":16},"end":{"line":23,"column":32}},"loc":{"start":{"line":23,"column":53},"end":{"line":32,"column":null}},"line":23},"3":{"name":"formatDateTime","decl":{"start":{"line":34,"column":16},"end":{"line":34,"column":31}},"loc":{"start":{"line":34,"column":52},"end":{"line":36,"column":null}},"line":34}},"branchMap":{"0":{"loc":{"start":{"line":8,"column":2},"end":{"line":10,"column":null}},"type":"if","locations":[{"start":{"line":8,"column":2},"end":{"line":10,"column":null}},{"start":{},"end":{}}],"line":8},"1":{"loc":{"start":{"line":8,"column":6},"end":{"line":8,"column":28}},"type":"binary-expr","locations":[{"start":{"line":8,"column":6},"end":{"line":8,"column":19}},{"start":{"line":8,"column":19},"end":{"line":8,"column":28}}],"line":8},"2":{"loc":{"start":{"line":15,"column":2},"end":{"line":17,"column":null}},"type":"if","locations":[{"start":{"line":15,"column":2},"end":{"line":17,"column":null}},{"start":{},"end":{}}],"line":15},"3":{"loc":{"start":{"line":15,"column":6},"end":{"line":15,"column":48}},"type":"binary-expr","locations":[{"start":{"line":15,"column":6},"end":{"line":15,"column":29}},{"start":{"line":15,"column":29},"end":{"line":15,"column":48}}],"line":15}},"s":{"0":2,"1":6,"2":5,"3":1,"4":4,"5":4,"6":4,"7":0,"8":4,"9":4,"10":0,"11":0,"12":0,"13":0,"14":0,"15":0,"16":0,"17":0},"f":{"0":6,"1":5,"2":0,"3":0},"b":{"0":[1,4],"1":[5,4],"2":[0,4],"3":[4,4]},"meta":{"lastBranch":4,"lastFunction":4,"lastStatement":18,"seen":{"s:1:22:1:Infinity":0,"f:3:16:3:33":0,"s:4:2:4:Infinity":1,"f:7:16:7:38":1,"b:8:2:10:Infinity:undefined:undefined:undefined:undefined":0,"s:8:2:10:Infinity":2,"b:8:6:8:19:8:19:8:28":1,"s:9:4:9:Infinity":3,"s:12:16:12:Infinity":4,"s:13:14:13:Infinity":5,"b:15:2:17:Infinity:undefined:undefined:undefined:undefined":2,"s:15:2:17:Infinity":6,"b:15:6:15:29:15:29:15:48":3,"s:16:4:16:Infinity":7,"s:19:8:19:Infinity":8,"s:20:2:20:Infinity":9,"f:23:16:23:32":2,"s:24:12:24:Infinity":10,"s:25:15:25:Infinity":11,"s:26:16:26:Infinity":12,"s:27:14:27:Infinity":13,"s:28:16:28:Infinity":14,"s:29:18:29:Infinity":15,"s:31:2:31:Infinity":16,"f:34:16:34:31":3,"s:35:2:35:Infinity":17}}}
,"/Users/Leo/Documents/LeaveRequest/src/lib/validation.ts": {"path":"/Users/Leo/Documents/LeaveRequest/src/lib/validation.ts","statementMap":{"0":{"start":{"line":9,"column":2},"end":{"line":11,"column":null}},"1":{"start":{"line":10,"column":4},"end":{"line":10,"column":null}},"2":{"start":{"line":13,"column":16},"end":{"line":13,"column":null}},"3":{"start":{"line":14,"column":14},"end":{"line":14,"column":null}},"4":{"start":{"line":16,"column":2},"end":{"line":33,"column":null}},"5":{"start":{"line":17,"column":4},"end":{"line":19,"column":null}},"6":{"start":{"line":18,"column":6},"end":{"line":18,"column":null}},"7":{"start":{"line":21,"column":4},"end":{"line":23,"column":null}},"8":{"start":{"line":22,"column":6},"end":{"line":22,"column":null}},"9":{"start":{"line":25,"column":4},"end":{"line":27,"column":null}},"10":{"start":{"line":26,"column":6},"end":{"line":26,"column":null}},"11":{"start":{"line":29,"column":24},"end":{"line":29,"column":null}},"12":{"start":{"line":30,"column":22},"end":{"line":30,"column":null}},"13":{"start":{"line":32,"column":4},"end":{"line":32,"column":null}},"14":{"start":{"line":41,"column":35},"end":{"line":41,"column":null}},"15":{"start":{"line":42,"column":14},"end":{"line":42,"column":null}},"16":{"start":{"line":43,"column":8},"end":{"line":43,"column":null}},"17":{"start":{"line":45,"column":2},"end":{"line":47,"column":null}},"18":{"start":{"line":46,"column":4},"end":{"line":46,"column":null}},"19":{"start":{"line":49,"column":2},"end":{"line":51,"column":null}},"20":{"start":{"line":50,"column":4},"end":{"line":50,"column":null}},"21":{"start":{"line":53,"column":2},"end":{"line":57,"column":null}},"22":{"start":{"line":54,"column":4},"end":{"line":54,"column":null}},"23":{"start":{"line":55,"column":2},"end":{"line":57,"column":null}},"24":{"start":{"line":56,"column":4},"end":{"line":56,"column":null}},"25":{"start":{"line":59,"column":2},"end":{"line":61,"column":null}},"26":{"start":{"line":60,"column":4},"end":{"line":60,"column":null}},"27":{"start":{"line":63,"column":2},"end":{"line":75,"column":null}},"28":{"start":{"line":64,"column":4},"end":{"line":66,"column":null}},"29":{"start":{"line":65,"column":6},"end":{"line":65,"column":null}},"30":{"start":{"line":68,"column":4},"end":{"line":70,"column":null}},"31":{"start":{"line":69,"column":6},"end":{"line":69,"column":null}},"32":{"start":{"line":72,"column":4},"end":{"line":74,"column":null}},"33":{"start":{"line":73,"column":6},"end":{"line":73,"column":null}},"34":{"start":{"line":77,"column":2},"end":{"line":81,"column":null}},"35":{"start":{"line":78,"column":4},"end":{"line":78,"column":null}},"36":{"start":{"line":79,"column":2},"end":{"line":81,"column":null}},"37":{"start":{"line":80,"column":4},"end":{"line":80,"column":null}},"38":{"start":{"line":83,"column":2},"end":{"line":83,"column":null}}},"fnMap":{"0":{"name":"hasOverlap","decl":{"start":{"line":4,"column":16},"end":{"line":4,"column":null}},"loc":{"start":{"line":8,"column":11},"end":{"line":34,"column":null}},"line":8},"1":{"name":"(anonymous_1)","decl":{"start":{"line":16,"column":23},"end":{"line":16,"column":24}},"loc":{"start":{"line":16,"column":35},"end":{"line":33,"column":3}},"line":16},"2":{"name":"validateDraft","decl":{"start":{"line":36,"column":16},"end":{"line":36,"column":null}},"loc":{"start":{"line":40,"column":20},"end":{"line":84,"column":null}},"line":40}},"branchMap":{"0":{"loc":{"start":{"line":9,"column":2},"end":{"line":11,"column":null}},"type":"if","locations":[{"start":{"line":9,"column":2},"end":{"line":11,"column":null}},{"start":{},"end":{}}],"line":9},"1":{"loc":{"start":{"line":9,"column":6},"end":{"line":9,"column":59}},"type":"binary-expr","locations":[{"start":{"line":9,"column":6},"end":{"line":9,"column":23}},{"start":{"line":9,"column":23},"end":{"line":9,"column":43}},{"start":{"line":9,"column":43},"end":{"line":9,"column":59}}],"line":9},"2":{"loc":{"start":{"line":17,"column":4},"end":{"line":19,"column":null}},"type":"if","locations":[{"start":{"line":17,"column":4},"end":{"line":19,"column":null}},{"start":{},"end":{}}],"line":17},"3":{"loc":{"start":{"line":21,"column":4},"end":{"line":23,"column":null}},"type":"if","locations":[{"start":{"line":21,"column":4},"end":{"line":23,"column":null}},{"start":{},"end":{}}],"line":21},"4":{"loc":{"start":{"line":25,"column":4},"end":{"line":27,"column":null}},"type":"if","locations":[{"start":{"line":25,"column":4},"end":{"line":27,"column":null}},{"start":{},"end":{}}],"line":25},"5":{"loc":{"start":{"line":32,"column":11},"end":{"line":32,"column":null}},"type":"binary-expr","locations":[{"start":{"line":32,"column":11},"end":{"line":32,"column":32}},{"start":{"line":32,"column":32},"end":{"line":32,"column":null}}],"line":32},"6":{"loc":{"start":{"line":45,"column":2},"end":{"line":47,"column":null}},"type":"if","locations":[{"start":{"line":45,"column":2},"end":{"line":47,"column":null}},{"start":{},"end":{}}],"line":45},"7":{"loc":{"start":{"line":49,"column":2},"end":{"line":51,"column":null}},"type":"if","locations":[{"start":{"line":49,"column":2},"end":{"line":51,"column":null}},{"start":{},"end":{}}],"line":49},"8":{"loc":{"start":{"line":53,"column":2},"end":{"line":57,"column":null}},"type":"if","locations":[{"start":{"line":53,"column":2},"end":{"line":57,"column":null}},{"start":{"line":55,"column":2},"end":{"line":57,"column":null}}],"line":53},"9":{"loc":{"start":{"line":55,"column":2},"end":{"line":57,"column":null}},"type":"if","locations":[{"start":{"line":55,"column":2},"end":{"line":57,"column":null}},{"start":{},"end":{}}],"line":55},"10":{"loc":{"start":{"line":59,"column":2},"end":{"line":61,"column":null}},"type":"if","locations":[{"start":{"line":59,"column":2},"end":{"line":61,"column":null}},{"start":{},"end":{}}],"line":59},"11":{"loc":{"start":{"line":63,"column":2},"end":{"line":75,"column":null}},"type":"if","locations":[{"start":{"line":63,"column":2},"end":{"line":75,"column":null}},{"start":{},"end":{}}],"line":63},"12":{"loc":{"start":{"line":63,"column":6},"end":{"line":63,"column":40}},"type":"binary-expr","locations":[{"start":{"line":63,"column":6},"end":{"line":63,"column":25}},{"start":{"line":63,"column":25},"end":{"line":63,"column":40}}],"line":63},"13":{"loc":{"start":{"line":64,"column":4},"end":{"line":66,"column":null}},"type":"if","locations":[{"start":{"line":64,"column":4},"end":{"line":66,"column":null}},{"start":{},"end":{}}],"line":64},"14":{"loc":{"start":{"line":68,"column":4},"end":{"line":70,"column":null}},"type":"if","locations":[{"start":{"line":68,"column":4},"end":{"line":70,"column":null}},{"start":{},"end":{}}],"line":68},"15":{"loc":{"start":{"line":72,"column":4},"end":{"line":74,"column":null}},"type":"if","locations":[{"start":{"line":72,"column":4},"end":{"line":74,"column":null}},{"start":{},"end":{}}],"line":72},"16":{"loc":{"start":{"line":77,"column":2},"end":{"line":81,"column":null}},"type":"if","locations":[{"start":{"line":77,"column":2},"end":{"line":81,"column":null}},{"start":{"line":79,"column":2},"end":{"line":81,"column":null}}],"line":77},"17":{"loc":{"start":{"line":79,"column":2},"end":{"line":81,"column":null}},"type":"if","locations":[{"start":{"line":79,"column":2},"end":{"line":81,"column":null}},{"start":{},"end":{}}],"line":79}},"s":{"0":5,"1":1,"2":4,"3":4,"4":4,"5":7,"6":1,"7":6,"8":0,"9":6,"10":3,"11":3,"12":3,"13":3,"14":2,"15":2,"16":2,"17":2,"18":1,"19":2,"20":1,"21":2,"22":0,"23":2,"24":1,"25":2,"26":0,"27":2,"28":2,"29":1,"30":2,"31":1,"32":2,"33":0,"34":2,"35":1,"36":1,"37":0,"38":2},"f":{"0":5,"1":7,"2":2},"b":{"0":[1,4],"1":[5,4,4],"2":[1,6],"3":[0,6],"4":[3,3],"5":[3,1],"6":[1,1],"7":[1,1],"8":[0,2],"9":[1,1],"10":[0,2],"11":[2,0],"12":[2,2],"13":[1,1],"14":[1,1],"15":[0,2],"16":[1,1],"17":[0,1]},"meta":{"lastBranch":18,"lastFunction":3,"lastStatement":39,"seen":{"f:4:16:4:Infinity":0,"b:9:2:11:Infinity:undefined:undefined:undefined:undefined":0,"s:9:2:11:Infinity":0,"b:9:6:9:23:9:23:9:43:9:43:9:59":1,"s:10:4:10:Infinity":1,"s:13:16:13:Infinity":2,"s:14:14:14:Infinity":3,"s:16:2:33:Infinity":4,"f:16:23:16:24":1,"b:17:4:19:Infinity:undefined:undefined:undefined:undefined":2,"s:17:4:19:Infinity":5,"s:18:6:18:Infinity":6,"b:21:4:23:Infinity:undefined:undefined:undefined:undefined":3,"s:21:4:23:Infinity":7,"s:22:6:22:Infinity":8,"b:25:4:27:Infinity:undefined:undefined:undefined:undefined":4,"s:25:4:27:Infinity":9,"s:26:6:26:Infinity":10,"s:29:24:29:Infinity":11,"s:30:22:30:Infinity":12,"s:32:4:32:Infinity":13,"b:32:11:32:32:32:32:32:Infinity":5,"f:36:16:36:Infinity":2,"s:41:35:41:Infinity":14,"s:42:14:42:Infinity":15,"s:43:8:43:Infinity":16,"b:45:2:47:Infinity:undefined:undefined:undefined:undefined":6,"s:45:2:47:Infinity":17,"s:46:4:46:Infinity":18,"b:49:2:51:Infinity:undefined:undefined:undefined:undefined":7,"s:49:2:51:Infinity":19,"s:50:4:50:Infinity":20,"b:53:2:57:Infinity:55:2:57:Infinity":8,"s:53:2:57:Infinity":21,"s:54:4:54:Infinity":22,"b:55:2:57:Infinity:undefined:undefined:undefined:undefined":9,"s:55:2:57:Infinity":23,"s:56:4:56:Infinity":24,"b:59:2:61:Infinity:undefined:undefined:undefined:undefined":10,"s:59:2:61:Infinity":25,"s:60:4:60:Infinity":26,"b:63:2:75:Infinity:undefined:undefined:undefined:undefined":11,"s:63:2:75:Infinity":27,"b:63:6:63:25:63:25:63:40":12,"b:64:4:66:Infinity:undefined:undefined:undefined:undefined":13,"s:64:4:66:Infinity":28,"s:65:6:65:Infinity":29,"b:68:4:70:Infinity:undefined:undefined:undefined:undefined":14,"s:68:4:70:Infinity":30,"s:69:6:69:Infinity":31,"b:72:4:74:Infinity:undefined:undefined:undefined:undefined":15,"s:72:4:74:Infinity":32,"s:73:6:73:Infinity":33,"b:77:2:81:Infinity:79:2:81:Infinity":16,"s:77:2:81:Infinity":34,"s:78:4:78:Infinity":35,"b:79:2:81:Infinity:undefined:undefined:undefined:undefined":17,"s:79:2:81:Infinity":36,"s:80:4:80:Infinity":37,"s:83:2:83:Infinity":38}}}
}
