{"/Users/Leo/Documents/LeaveRequest/src/lib/constants.ts": {"path":"/Users/Leo/Documents/LeaveRequest/src/lib/constants.ts","statementMap":{"0":{"start":{"line":3,"column":27},"end":{"line":3,"column":null}},"1":{"start":{"line":5,"column":40},"end":{"line":5,"column":null}},"2":{"start":{"line":7,"column":29},"end":{"line":18,"column":null}},"3":{"start":{"line":20,"column":55},"end":{"line":25,"column":null}},"4":{"start":{"line":27,"column":32},"end":{"line":27,"column":null}}},"fnMap":{},"branchMap":{},"s":{"0":2,"1":2,"2":2,"3":2,"4":2},"f":{},"b":{},"meta":{"lastBranch":0,"lastFunction":0,"lastStatement":5,"seen":{"s:3:27:3:Infinity":0,"s:5:40:5:Infinity":1,"s:7:29:18:Infinity":2,"s:20:55:25:Infinity":3,"s:27:32:27:Infinity":4}}}
,"/Users/Leo/Documents/LeaveRequest/src/lib/date.ts": {"path":"/Users/Leo/Documents/LeaveRequest/src/lib/date.ts","statementMap":{"0":{"start":{"line":3,"column":22},"end":{"line":3,"column":null}},"1":{"start":{"line":4,"column":16},"end":{"line":4,"column":null}},"2":{"start":{"line":7,"column":2},"end":{"line":7,"column":null}},"3":{"start":{"line":11,"column":2},"end":{"line":13,"column":null}},"4":{"start":{"line":12,"column":4},"end":{"line":12,"column":null}},"5":{"start":{"line":15,"column":16},"end":{"line":15,"column":null}},"6":{"start":{"line":16,"column":14},"end":{"line":16,"column":null}},"7":{"start":{"line":18,"column":2},"end":{"line":20,"column":null}},"8":{"start":{"line":19,"column":4},"end":{"line":19,"column":null}},"9":{"start":{"line":22,"column":2},"end":{"line":24,"column":null}},"10":{"start":{"line":23,"column":4},"end":{"line":23,"column":null}},"11":{"start":{"line":26,"column":22},"end":{"line":26,"column":null}},"12":{"start":{"line":27,"column":15},"end":{"line":27,"column":null}},"13":{"start":{"line":29,"column":2},"end":{"line":44,"column":null}},"14":{"start":{"line":30,"column":17},"end":{"line":30,"column":null}},"15":{"start":{"line":31,"column":21},"end":{"line":31,"column":null}},"16":{"start":{"line":32,"column":19},"end":{"line":32,"column":null}},"17":{"start":{"line":33,"column":23},"end":{"line":33,"column":null}},"18":{"start":{"line":34,"column":16},"end":{"line":34,"column":null}},"19":{"start":{"line":35,"column":19},"end":{"line":35,"column":null}},"20":{"start":{"line":36,"column":22},"end":{"line":36,"column":null}},"21":{"start":{"line":37,"column":22},"end":{"line":37,"column":null}},"22":{"start":{"line":39,"column":4},"end":{"line":41,"column":null}},"23":{"start":{"line":40,"column":6},"end":{"line":40,"column":null}},"24":{"start":{"line":43,"column":4},"end":{"line":43,"column":null}},"25":{"start":{"line":46,"column":2},"end":{"line":46,"column":null}},"26":{"start":{"line":50,"column":12},"end":{"line":50,"column":null}},"27":{"start":{"line":51,"column":15},"end":{"line":51,"column":null}},"28":{"start":{"line":52,"column":16},"end":{"line":52,"column":null}},"29":{"start":{"line":53,"column":14},"end":{"line":53,"column":null}},"30":{"start":{"line":54,"column":2},"end":{"line":54,"column":null}},"31":{"start":{"line":58,"column":12},"end":{"line":58,"column":null}},"32":{"start":{"line":59,"column":15},"end":{"line":59,"column":null}},"33":{"start":{"line":60,"column":16},"end":{"line":60,"column":null}},"34":{"start":{"line":61,"column":14},"end":{"line":61,"column":null}},"35":{"start":{"line":62,"column":16},"end":{"line":62,"column":null}},"36":{"start":{"line":63,"column":18},"end":{"line":63,"column":null}},"37":{"start":{"line":65,"column":2},"end":{"line":65,"column":null}},"38":{"start":{"line":69,"column":2},"end":{"line":69,"column":null}}},"fnMap":{"0":{"name":"floorTwoDecimals","decl":{"start":{"line":6,"column":16},"end":{"line":6,"column":33}},"loc":{"start":{"line":6,"column":56},"end":{"line":8,"column":null}},"line":6},"1":{"name":"calculateDurationDays","decl":{"start":{"line":10,"column":16},"end":{"line":10,"column":38}},"loc":{"start":{"line":10,"column":80},"end":{"line":47,"column":null}},"line":10},"2":{"name":"toDateKey","decl":{"start":{"line":49,"column":9},"end":{"line":49,"column":19}},"loc":{"start":{"line":49,"column":46},"end":{"line":55,"column":null}},"line":49},"3":{"name":"toInputDateTime","decl":{"start":{"line":57,"column":16},"end":{"line":57,"column":32}},"loc":{"start":{"line":57,"column":53},"end":{"line":66,"column":null}},"line":57},"4":{"name":"formatDateTime","decl":{"start":{"line":68,"column":16},"end":{"line":68,"column":31}},"loc":{"start":{"line":68,"column":52},"end":{"line":70,"column":null}},"line":68}},"branchMap":{"0":{"loc":{"start":{"line":11,"column":2},"end":{"line":13,"column":null}},"type":"if","locations":[{"start":{"line":11,"column":2},"end":{"line":13,"column":null}},{"start":{},"end":{}}],"line":11},"1":{"loc":{"start":{"line":11,"column":6},"end":{"line":11,"column":28}},"type":"binary-expr","locations":[{"start":{"line":11,"column":6},"end":{"line":11,"column":19}},{"start":{"line":11,"column":19},"end":{"line":11,"column":28}}],"line":11},"2":{"loc":{"start":{"line":18,"column":2},"end":{"line":20,"column":null}},"type":"if","locations":[{"start":{"line":18,"column":2},"end":{"line":20,"column":null}},{"start":{},"end":{}}],"line":18},"3":{"loc":{"start":{"line":18,"column":6},"end":{"line":18,"column":48}},"type":"binary-expr","locations":[{"start":{"line":18,"column":6},"end":{"line":18,"column":29}},{"start":{"line":18,"column":29},"end":{"line":18,"column":48}}],"line":18},"4":{"loc":{"start":{"line":22,"column":2},"end":{"line":24,"column":null}},"type":"if","locations":[{"start":{"line":22,"column":2},"end":{"line":24,"column":null}},{"start":{},"end":{}}],"line":22},"5":{"loc":{"start":{"line":36,"column":22},"end":{"line":36,"column":null}},"type":"binary-expr","locations":[{"start":{"line":36,"column":22},"end":{"line":36,"column":35}},{"start":{"line":36,"column":35},"end":{"line":36,"column":null}}],"line":36},"6":{"loc":{"start":{"line":39,"column":4},"end":{"line":41,"column":null}},"type":"if","locations":[{"start":{"line":39,"column":4},"end":{"line":41,"column":null}},{"start":{},"end":{}}],"line":39},"7":{"loc":{"start":{"line":39,"column":8},"end":{"line":39,"column":34}},"type":"binary-expr","locations":[{"start":{"line":39,"column":8},"end":{"line":39,"column":22}},{"start":{"line":39,"column":22},"end":{"line":39,"column":34}}],"line":39}},"s":{"0":2,"1":2,"2":6,"3":5,"4":1,"5":4,"6":4,"7":4,"8":0,"9":4,"10":2,"11":2,"12":2,"13":2,"14":6,"15":6,"16":6,"17":6,"18":6,"19":6,"20":6,"21":6,"22":6,"23":6,"24":6,"25":2,"26":6,"27":6,"28":6,"29":6,"30":6,"31":0,"32":0,"33":0,"34":0,"35":0,"36":0,"37":0,"38":0},"f":{"0":6,"1":5,"2":6,"3":0,"4":0},"b":{"0":[1,4],"1":[5,4],"2":[0,4],"3":[4,4],"4":[2,2],"5":[6,6],"6":[6,0],"7":[6,6]},"meta":{"lastBranch":8,"lastFunction":5,"lastStatement":39,"seen":{"s:3:22:3:Infinity":0,"s:4:16:4:Infinity":1,"f:6:16:6:33":0,"s:7:2:7:Infinity":2,"f:10:16:10:38":1,"b:11:2:13:Infinity:undefined:undefined:undefined:undefined":0,"s:11:2:13:Infinity":3,"b:11:6:11:19:11:19:11:28":1,"s:12:4:12:Infinity":4,"s:15:16:15:Infinity":5,"s:16:14:16:Infinity":6,"b:18:2:20:Infinity:undefined:undefined:undefined:undefined":2,"s:18:2:20:Infinity":7,"b:18:6:18:29:18:29:18:48":3,"s:19:4:19:Infinity":8,"b:22:2:24:Infinity:undefined:undefined:undefined:undefined":4,"s:22:2:24:Infinity":9,"s:23:4:23:Infinity":10,"s:26:22:26:Infinity":11,"s:27:15:27:Infinity":12,"s:29:2:44:Infinity":13,"s:30:17:30:Infinity":14,"s:31:21:31:Infinity":15,"s:32:19:32:Infinity":16,"s:33:23:33:Infinity":17,"s:34:16:34:Infinity":18,"s:35:19:35:Infinity":19,"s:36:22:36:Infinity":20,"b:36:22:36:35:36:35:36:Infinity":5,"s:37:22:37:Infinity":21,"b:39:4:41:Infinity:undefined:undefined:undefined:undefined":6,"s:39:4:41:Infinity":22,"b:39:8:39:22:39:22:39:34":7,"s:40:6:40:Infinity":23,"s:43:4:43:Infinity":24,"s:46:2:46:Infinity":25,"f:49:9:49:19":2,"s:50:12:50:Infinity":26,"s:51:15:51:Infinity":27,"s:52:16:52:Infinity":28,"s:53:14:53:Infinity":29,"s:54:2:54:Infinity":30,"f:57:16:57:32":3,"s:58:12:58:Infinity":31,"s:59:15:59:Infinity":32,"s:60:16:60:Infinity":33,"s:61:14:61:Infinity":34,"s:62:16:62:Infinity":35,"s:63:18:63:Infinity":36,"s:65:2:65:Infinity":37,"f:68:16:68:31":4,"s:69:2:69:Infinity":38}}}
,"/Users/Leo/Documents/LeaveRequest/src/lib/validation.ts": {"path":"/Users/Leo/Documents/LeaveRequest/src/lib/validation.ts","statementMap":{"0":{"start":{"line":10,"column":2},"end":{"line":12,"column":null}},"1":{"start":{"line":11,"column":4},"end":{"line":11,"column":null}},"2":{"start":{"line":14,"column":16},"end":{"line":14,"column":null}},"3":{"start":{"line":15,"column":14},"end":{"line":15,"column":null}},"4":{"start":{"line":17,"column":2},"end":{"line":34,"column":null}},"5":{"start":{"line":18,"column":4},"end":{"line":20,"column":null}},"6":{"start":{"line":19,"column":6},"end":{"line":19,"column":null}},"7":{"start":{"line":22,"column":4},"end":{"line":24,"column":null}},"8":{"start":{"line":23,"column":6},"end":{"line":23,"column":null}},"9":{"start":{"line":26,"column":4},"end":{"line":28,"column":null}},"10":{"start":{"line":27,"column":6},"end":{"line":27,"column":null}},"11":{"start":{"line":30,"column":24},"end":{"line":30,"column":null}},"12":{"start":{"line":31,"column":22},"end":{"line":31,"column":null}},"13":{"start":{"line":33,"column":4},"end":{"line":33,"column":null}},"14":{"start":{"line":42,"column":35},"end":{"line":42,"column":null}},"15":{"start":{"line":43,"column":14},"end":{"line":43,"column":null}},"16":{"start":{"line":44,"column":8},"end":{"line":44,"column":null}},"17":{"start":{"line":46,"column":2},"end":{"line":48,"column":null}},"18":{"start":{"line":47,"column":4},"end":{"line":47,"column":null}},"19":{"start":{"line":50,"column":2},"end":{"line":52,"column":null}},"20":{"start":{"line":51,"column":4},"end":{"line":51,"column":null}},"21":{"start":{"line":54,"column":2},"end":{"line":58,"column":null}},"22":{"start":{"line":55,"column":4},"end":{"line":55,"column":null}},"23":{"start":{"line":56,"column":2},"end":{"line":58,"column":null}},"24":{"start":{"line":57,"column":4},"end":{"line":57,"column":null}},"25":{"start":{"line":60,"column":2},"end":{"line":62,"column":null}},"26":{"start":{"line":61,"column":4},"end":{"line":61,"column":null}},"27":{"start":{"line":64,"column":2},"end":{"line":76,"column":null}},"28":{"start":{"line":65,"column":4},"end":{"line":67,"column":null}},"29":{"start":{"line":66,"column":6},"end":{"line":66,"column":null}},"30":{"start":{"line":69,"column":4},"end":{"line":71,"column":null}},"31":{"start":{"line":70,"column":6},"end":{"line":70,"column":null}},"32":{"start":{"line":73,"column":4},"end":{"line":75,"column":null}},"33":{"start":{"line":74,"column":6},"end":{"line":74,"column":null}},"34":{"start":{"line":78,"column":2},"end":{"line":86,"column":null}},"35":{"start":{"line":79,"column":21},"end":{"line":79,"column":null}},"36":{"start":{"line":80,"column":18},"end":{"line":80,"column":null}},"37":{"start":{"line":81,"column":22},"end":{"line":81,"column":null}},"38":{"start":{"line":83,"column":4},"end":{"line":85,"column":null}},"39":{"start":{"line":84,"column":6},"end":{"line":84,"column":null}},"40":{"start":{"line":88,"column":2},"end":{"line":92,"column":null}},"41":{"start":{"line":89,"column":4},"end":{"line":89,"column":null}},"42":{"start":{"line":90,"column":2},"end":{"line":92,"column":null}},"43":{"start":{"line":91,"column":4},"end":{"line":91,"column":null}},"44":{"start":{"line":94,"column":2},"end":{"line":94,"column":null}},"45":{"start":{"line":103,"column":2},"end":{"line":115,"column":null}},"46":{"start":{"line":105,"column":6},"end":{"line":107,"column":null}},"47":{"start":{"line":106,"column":8},"end":{"line":106,"column":null}},"48":{"start":{"line":109,"column":6},"end":{"line":111,"column":null}},"49":{"start":{"line":110,"column":8},"end":{"line":110,"column":null}},"50":{"start":{"line":113,"column":6},"end":{"line":113,"column":null}},"51":{"start":{"line":115,"column":29},"end":{"line":115,"column":56}}},"fnMap":{"0":{"name":"hasOverlap","decl":{"start":{"line":5,"column":16},"end":{"line":5,"column":null}},"loc":{"start":{"line":9,"column":11},"end":{"line":35,"column":null}},"line":9},"1":{"name":"(anonymous_1)","decl":{"start":{"line":17,"column":23},"end":{"line":17,"column":24}},"loc":{"start":{"line":17,"column":35},"end":{"line":34,"column":3}},"line":17},"2":{"name":"validateDraft","decl":{"start":{"line":37,"column":16},"end":{"line":37,"column":null}},"loc":{"start":{"line":41,"column":20},"end":{"line":95,"column":null}},"line":41},"3":{"name":"getUsedLeaveDays","decl":{"start":{"line":97,"column":16},"end":{"line":97,"column":null}},"loc":{"start":{"line":102,"column":10},"end":{"line":116,"column":null}},"line":102},"4":{"name":"(anonymous_4)","decl":{"start":{"line":104,"column":12},"end":{"line":104,"column":13}},"loc":{"start":{"line":104,"column":24},"end":{"line":114,"column":5}},"line":104},"5":{"name":"(anonymous_5)","decl":{"start":{"line":115,"column":12},"end":{"line":115,"column":13}},"loc":{"start":{"line":115,"column":29},"end":{"line":115,"column":56}},"line":115}},"branchMap":{"0":{"loc":{"start":{"line":10,"column":2},"end":{"line":12,"column":null}},"type":"if","locations":[{"start":{"line":10,"column":2},"end":{"line":12,"column":null}},{"start":{},"end":{}}],"line":10},"1":{"loc":{"start":{"line":10,"column":6},"end":{"line":10,"column":59}},"type":"binary-expr","locations":[{"start":{"line":10,"column":6},"end":{"line":10,"column":23}},{"start":{"line":10,"column":23},"end":{"line":10,"column":43}},{"start":{"line":10,"column":43},"end":{"line":10,"column":59}}],"line":10},"2":{"loc":{"start":{"line":18,"column":4},"end":{"line":20,"column":null}},"type":"if","locations":[{"start":{"line":18,"column":4},"end":{"line":20,"column":null}},{"start":{},"end":{}}],"line":18},"3":{"loc":{"start":{"line":22,"column":4},"end":{"line":24,"column":null}},"type":"if","locations":[{"start":{"line":22,"column":4},"end":{"line":24,"column":null}},{"start":{},"end":{}}],"line":22},"4":{"loc":{"start":{"line":26,"column":4},"end":{"line":28,"column":null}},"type":"if","locations":[{"start":{"line":26,"column":4},"end":{"line":28,"column":null}},{"start":{},"end":{}}],"line":26},"5":{"loc":{"start":{"line":26,"column":8},"end":{"line":26,"column":71}},"type":"binary-expr","locations":[{"start":{"line":26,"column":8},"end":{"line":26,"column":41}},{"start":{"line":26,"column":41},"end":{"line":26,"column":71}}],"line":26},"6":{"loc":{"start":{"line":33,"column":11},"end":{"line":33,"column":null}},"type":"binary-expr","locations":[{"start":{"line":33,"column":11},"end":{"line":33,"column":32}},{"start":{"line":33,"column":32},"end":{"line":33,"column":null}}],"line":33},"7":{"loc":{"start":{"line":46,"column":2},"end":{"line":48,"column":null}},"type":"if","locations":[{"start":{"line":46,"column":2},"end":{"line":48,"column":null}},{"start":{},"end":{}}],"line":46},"8":{"loc":{"start":{"line":50,"column":2},"end":{"line":52,"column":null}},"type":"if","locations":[{"start":{"line":50,"column":2},"end":{"line":52,"column":null}},{"start":{},"end":{}}],"line":50},"9":{"loc":{"start":{"line":54,"column":2},"end":{"line":58,"column":null}},"type":"if","locations":[{"start":{"line":54,"column":2},"end":{"line":58,"column":null}},{"start":{"line":56,"column":2},"end":{"line":58,"column":null}}],"line":54},"10":{"loc":{"start":{"line":56,"column":2},"end":{"line":58,"column":null}},"type":"if","locations":[{"start":{"line":56,"column":2},"end":{"line":58,"column":null}},{"start":{},"end":{}}],"line":56},"11":{"loc":{"start":{"line":60,"column":2},"end":{"line":62,"column":null}},"type":"if","locations":[{"start":{"line":60,"column":2},"end":{"line":62,"column":null}},{"start":{},"end":{}}],"line":60},"12":{"loc":{"start":{"line":64,"column":2},"end":{"line":76,"column":null}},"type":"if","locations":[{"start":{"line":64,"column":2},"end":{"line":76,"column":null}},{"start":{},"end":{}}],"line":64},"13":{"loc":{"start":{"line":64,"column":6},"end":{"line":64,"column":40}},"type":"binary-expr","locations":[{"start":{"line":64,"column":6},"end":{"line":64,"column":25}},{"start":{"line":64,"column":25},"end":{"line":64,"column":40}}],"line":64},"14":{"loc":{"start":{"line":65,"column":4},"end":{"line":67,"column":null}},"type":"if","locations":[{"start":{"line":65,"column":4},"end":{"line":67,"column":null}},{"start":{},"end":{}}],"line":65},"15":{"loc":{"start":{"line":69,"column":4},"end":{"line":71,"column":null}},"type":"if","locations":[{"start":{"line":69,"column":4},"end":{"line":71,"column":null}},{"start":{},"end":{}}],"line":69},"16":{"loc":{"start":{"line":73,"column":4},"end":{"line":75,"column":null}},"type":"if","locations":[{"start":{"line":73,"column":4},"end":{"line":75,"column":null}},{"start":{},"end":{}}],"line":73},"17":{"loc":{"start":{"line":78,"column":2},"end":{"line":86,"column":null}},"type":"if","locations":[{"start":{"line":78,"column":2},"end":{"line":86,"column":null}},{"start":{},"end":{}}],"line":78},"18":{"loc":{"start":{"line":78,"column":6},"end":{"line":78,"column":55}},"type":"binary-expr","locations":[{"start":{"line":78,"column":6},"end":{"line":78,"column":22}},{"start":{"line":78,"column":22},"end":{"line":78,"column":41}},{"start":{"line":78,"column":41},"end":{"line":78,"column":55}}],"line":78},"19":{"loc":{"start":{"line":83,"column":4},"end":{"line":85,"column":null}},"type":"if","locations":[{"start":{"line":83,"column":4},"end":{"line":85,"column":null}},{"start":{},"end":{}}],"line":83},"20":{"loc":{"start":{"line":88,"column":2},"end":{"line":92,"column":null}},"type":"if","locations":[{"start":{"line":88,"column":2},"end":{"line":92,"column":null}},{"start":{"line":90,"column":2},"end":{"line":92,"column":null}}],"line":88},"21":{"loc":{"start":{"line":90,"column":2},"end":{"line":92,"column":null}},"type":"if","locations":[{"start":{"line":90,"column":2},"end":{"line":92,"column":null}},{"start":{},"end":{}}],"line":90},"22":{"loc":{"start":{"line":105,"column":6},"end":{"line":107,"column":null}},"type":"if","locations":[{"start":{"line":105,"column":6},"end":{"line":107,"column":null}},{"start":{},"end":{}}],"line":105},"23":{"loc":{"start":{"line":109,"column":6},"end":{"line":111,"column":null}},"type":"if","locations":[{"start":{"line":109,"column":6},"end":{"line":111,"column":null}},{"start":{},"end":{}}],"line":109},"24":{"loc":{"start":{"line":109,"column":10},"end":{"line":109,"column":70}},"type":"binary-expr","locations":[{"start":{"line":109,"column":10},"end":{"line":109,"column":38}},{"start":{"line":109,"column":38},"end":{"line":109,"column":70}}],"line":109},"25":{"loc":{"start":{"line":113,"column":13},"end":{"line":113,"column":null}},"type":"binary-expr","locations":[{"start":{"line":113,"column":13},"end":{"line":113,"column":46}},{"start":{"line":113,"column":46},"end":{"line":113,"column":null}}],"line":113}},"s":{"0":6,"1":1,"2":5,"3":5,"4":5,"5":10,"6":1,"7":9,"8":0,"9":9,"10":4,"11":5,"12":5,"13":5,"14":3,"15":3,"16":3,"17":3,"18":1,"19":3,"20":1,"21":3,"22":0,"23":3,"24":1,"25":3,"26":0,"27":3,"28":3,"29":1,"30":3,"31":1,"32":3,"33":0,"34":3,"35":2,"36":2,"37":2,"38":2,"39":1,"40":3,"41":1,"42":2,"43":0,"44":3,"45":3,"46":8,"47":0,"48":8,"49":4,"50":4,"51":3},"f":{"0":6,"1":10,"2":3,"3":3,"4":8,"5":3},"b":{"0":[1,5],"1":[6,5,5],"2":[1,9],"3":[0,9],"4":[4,5],"5":[9,5],"6":[5,1],"7":[1,2],"8":[1,2],"9":[0,3],"10":[1,2],"11":[0,3],"12":[3,0],"13":[3,3],"14":[1,2],"15":[1,2],"16":[0,3],"17":[2,1],"18":[3,2,2],"19":[1,1],"20":[1,2],"21":[0,2],"22":[0,8],"23":[4,4],"24":[8,8],"25":[4,3]},"meta":{"lastBranch":26,"lastFunction":6,"lastStatement":52,"seen":{"f:5:16:5:Infinity":0,"b:10:2:12:Infinity:undefined:undefined:undefined:undefined":0,"s:10:2:12:Infinity":0,"b:10:6:10:23:10:23:10:43:10:43:10:59":1,"s:11:4:11:Infinity":1,"s:14:16:14:Infinity":2,"s:15:14:15:Infinity":3,"s:17:2:34:Infinity":4,"f:17:23:17:24":1,"b:18:4:20:Infinity:undefined:undefined:undefined:undefined":2,"s:18:4:20:Infinity":5,"s:19:6:19:Infinity":6,"b:22:4:24:Infinity:undefined:undefined:undefined:undefined":3,"s:22:4:24:Infinity":7,"s:23:6:23:Infinity":8,"b:26:4:28:Infinity:undefined:undefined:undefined:undefined":4,"s:26:4:28:Infinity":9,"b:26:8:26:41:26:41:26:71":5,"s:27:6:27:Infinity":10,"s:30:24:30:Infinity":11,"s:31:22:31:Infinity":12,"s:33:4:33:Infinity":13,"b:33:11:33:32:33:32:33:Infinity":6,"f:37:16:37:Infinity":2,"s:42:35:42:Infinity":14,"s:43:14:43:Infinity":15,"s:44:8:44:Infinity":16,"b:46:2:48:Infinity:undefined:undefined:undefined:undefined":7,"s:46:2:48:Infinity":17,"s:47:4:47:Infinity":18,"b:50:2:52:Infinity:undefined:undefined:undefined:undefined":8,"s:50:2:52:Infinity":19,"s:51:4:51:Infinity":20,"b:54:2:58:Infinity:56:2:58:Infinity":9,"s:54:2:58:Infinity":21,"s:55:4:55:Infinity":22,"b:56:2:58:Infinity:undefined:undefined:undefined:undefined":10,"s:56:2:58:Infinity":23,"s:57:4:57:Infinity":24,"b:60:2:62:Infinity:undefined:undefined:undefined:undefined":11,"s:60:2:62:Infinity":25,"s:61:4:61:Infinity":26,"b:64:2:76:Infinity:undefined:undefined:undefined:undefined":12,"s:64:2:76:Infinity":27,"b:64:6:64:25:64:25:64:40":13,"b:65:4:67:Infinity:undefined:undefined:undefined:undefined":14,"s:65:4:67:Infinity":28,"s:66:6:66:Infinity":29,"b:69:4:71:Infinity:undefined:undefined:undefined:undefined":15,"s:69:4:71:Infinity":30,"s:70:6:70:Infinity":31,"b:73:4:75:Infinity:undefined:undefined:undefined:undefined":16,"s:73:4:75:Infinity":32,"s:74:6:74:Infinity":33,"b:78:2:86:Infinity:undefined:undefined:undefined:undefined":17,"s:78:2:86:Infinity":34,"b:78:6:78:22:78:22:78:41:78:41:78:55":18,"s:79:21:79:Infinity":35,"s:80:18:80:Infinity":36,"s:81:22:81:Infinity":37,"b:83:4:85:Infinity:undefined:undefined:undefined:undefined":19,"s:83:4:85:Infinity":38,"s:84:6:84:Infinity":39,"b:88:2:92:Infinity:90:2:92:Infinity":20,"s:88:2:92:Infinity":40,"s:89:4:89:Infinity":41,"b:90:2:92:Infinity:undefined:undefined:undefined:undefined":21,"s:90:2:92:Infinity":42,"s:91:4:91:Infinity":43,"s:94:2:94:Infinity":44,"f:97:16:97:Infinity":3,"s:103:2:115:Infinity":45,"f:104:12:104:13":4,"b:105:6:107:Infinity:undefined:undefined:undefined:undefined":22,"s:105:6:107:Infinity":46,"s:106:8:106:Infinity":47,"b:109:6:111:Infinity:undefined:undefined:undefined:undefined":23,"s:109:6:111:Infinity":48,"b:109:10:109:38:109:38:109:70":24,"s:110:8:110:Infinity":49,"s:113:6:113:Infinity":50,"b:113:13:113:46:113:46:113:Infinity":25,"f:115:12:115:13":5,"s:115:29:115:56":51}}}
}
